<?xml version="1.0" encoding="UTF-8"?>
<testsuites name="Mocha Tests" time="35.673" tests="1" failures="1">
  <testsuite name="Root Suite" timestamp="2023-04-15T22:41:44" tests="0" file="cypress/e2e/test.spec.js" time="0.000" failures="0">
  </testsuite>
  <testsuite name="My second test suite" timestamp="2023-04-15T22:41:44" tests="1" time="35.649" failures="1">
    <testcase name="My second test suite Child window two" time="23.505" classname="Child window two">
      <failure message="Timed out retrying after 6000ms: expected &apos;&apos; to include &apos;qaclickacademy&apos;" type="AssertionError"><![CDATA[AssertionError: Timed out retrying after 6000ms: expected '' to include 'qaclickacademy'
    at Context.eval (webpack:///./cypress/e2e/test.spec.js:20:13)]]></failure>
    </testcase>
  </testsuite>
</testsuites>